<?xml version="1.0" encoding="UTF-8"?>
<!-- Generated by org.testng.reporters.JUnitReportReporter -->
<testsuite hostname="elcot-pc" name="testscripts.TestCase2" tests="1" failures="0" timestamp="9 Mar 2017 06:24:17 GMT" time="67.939" errors="0">
  <testcase name="entercustomerID" time="67.939" classname="testscripts.TestCase2"/>
</testsuite> <!-- testscripts.TestCase2 -->
