<?xml version="1.0" encoding="UTF-8"?>
<!-- Generated by org.testng.reporters.JUnitReportReporter -->
<testsuite hostname="elcot-pc" name="testscripts.TestCase1" tests="1" failures="0" timestamp="9 Mar 2017 06:21:23 GMT" time="53.699" errors="0">
  <testcase name="entercustomerID" time="53.699" classname="testscripts.TestCase1"/>
</testsuite> <!-- testscripts.TestCase1 -->
